<?xml version="1.0" encoding="UTF-8"?>
<testng-results ignored="0" total="3" passed="2" failed="1" skipped="0">
  <reporter-output>
  </reporter-output>
  <suite started-at="2020-07-24T12:42:24 BST" name="Suite" finished-at="2020-07-24T12:43:49 BST" duration-ms="85096">
    <groups>
    </groups>
    <test started-at="2020-07-24T12:42:24 BST" name="Test" finished-at="2020-07-24T12:43:49 BST" duration-ms="85096">
      <class name="AppiumFramework.AppiumFramework.ecommerceTestCase4">
        <test-method is-config="true" signature="killAllNodes()[pri:0, instance:AppiumFramework.AppiumFramework.ecommerceTestCase4@48ae9b55]" started-at="2020-07-24T12:42:27 BST" name="killAllNodes" finished-at="2020-07-24T12:42:30 BST" duration-ms="3005" status="PASS">
          <reporter-output>
          </reporter-output>
        </test-method> <!-- killAllNodes -->
        <test-method signature="totalValidation()[pri:0, instance:AppiumFramework.AppiumFramework.ecommerceTestCase4@48ae9b55]" started-at="2020-07-24T12:42:30 BST" name="totalValidation" finished-at="2020-07-24T12:43:03 BST" duration-ms="32903" status="PASS">
          <reporter-output>
          </reporter-output>
        </test-method> <!-- totalValidation -->
      </class> <!-- AppiumFramework.AppiumFramework.ecommerceTestCase4 -->
      <class name="AppiumFramework.AppiumFramework.ApiDemoTest">
        <test-method is-config="true" signature="killAllNodes()[pri:0, instance:AppiumFramework.AppiumFramework.ApiDemoTest@1700915]" started-at="2020-07-24T12:42:24 BST" name="killAllNodes" finished-at="2020-07-24T12:42:27 BST" duration-ms="3013" status="PASS">
          <reporter-output>
          </reporter-output>
        </test-method> <!-- killAllNodes -->
        <test-method signature="apiDemoTest(java.lang.String)[pri:0, instance:AppiumFramework.AppiumFramework.ApiDemoTest@1700915]" started-at="2020-07-24T12:43:03 BST" name="apiDemoTest" data-provider="InputData" finished-at="2020-07-24T12:43:25 BST" duration-ms="22750" status="PASS">
          <params>
            <param index="0">
              <value>
                <![CDATA[hello]]>
              </value>
            </param>
          </params>
          <reporter-output>
          </reporter-output>
        </test-method> <!-- apiDemoTest -->
        <test-method signature="apiDemoTest(java.lang.String)[pri:0, instance:AppiumFramework.AppiumFramework.ApiDemoTest@1700915]" started-at="2020-07-24T12:43:25 BST" name="apiDemoTest" data-provider="InputData" finished-at="2020-07-24T12:43:48 BST" duration-ms="22649" status="FAIL">
          <params>
            <param index="0">
              <value>
                <![CDATA[@$%^&]]>
              </value>
            </param>
          </params>
          <exception class="org.openqa.selenium.StaleElementReferenceException">
            <message>
              <![CDATA[androidx.test.uiautomator.StaleObjectException
For documentation on this error, please visit: https://www.seleniumhq.org/exceptions/stale_element_reference.html
Build info: version: '3.141.59', revision: 'e82be7d358', time: '2018-11-14T08:17:03'
System info: host: 'AUTOPROGRAMMER', ip: '10.189.93.144', os.name: 'Windows 7', os.arch: 'amd64', os.version: '6.1', java.version: '14.0.1'
Driver info: io.appium.java_client.android.AndroidDriver
Capabilities {app: C:\Users\Preksha\eclipse-wo..., appPackage: io.appium.android.apis, automationName: uiautomator2, databaseEnabled: false, desired: {app: C:\Users\Preksha\eclipse-wo..., automationName: uiautomator2, deviceName: DemoAVD, newCommandTimeout: 14, platformName: android}, deviceApiLevel: 28, deviceManufacturer: Google, deviceModel: AOSP on IA Emulator, deviceName: emulator-5554, deviceScreenDensity: 420, deviceScreenSize: 1080x1920, deviceUDID: emulator-5554, javascriptEnabled: true, locationContextEnabled: false, networkConnectionEnabled: true, newCommandTimeout: 14, pixelRatio: 2.625, platform: LINUX, platformName: Android, platformVersion: 9, statBarHeight: 63, takesScreenshot: true, viewportRect: {height: 1731, left: 0, top: 63, width: 1080}, warnings: {}, webStorageEnabled: false}
Session ID: ce9f668b-205f-41da-b3ab-ab848491463b]]>
            </message>
            <full-stacktrace>
              <![CDATA[org.openqa.selenium.StaleElementReferenceException: androidx.test.uiautomator.StaleObjectException
For documentation on this error, please visit: https://www.seleniumhq.org/exceptions/stale_element_reference.html
Build info: version: '3.141.59', revision: 'e82be7d358', time: '2018-11-14T08:17:03'
System info: host: 'AUTOPROGRAMMER', ip: '10.189.93.144', os.name: 'Windows 7', os.arch: 'amd64', os.version: '6.1', java.version: '14.0.1'
Driver info: io.appium.java_client.android.AndroidDriver
Capabilities {app: C:\Users\Preksha\eclipse-wo..., appPackage: io.appium.android.apis, automationName: uiautomator2, databaseEnabled: false, desired: {app: C:\Users\Preksha\eclipse-wo..., automationName: uiautomator2, deviceName: DemoAVD, newCommandTimeout: 14, platformName: android}, deviceApiLevel: 28, deviceManufacturer: Google, deviceModel: AOSP on IA Emulator, deviceName: emulator-5554, deviceScreenDensity: 420, deviceScreenSize: 1080x1920, deviceUDID: emulator-5554, javascriptEnabled: true, locationContextEnabled: false, networkConnectionEnabled: true, newCommandTimeout: 14, pixelRatio: 2.625, platform: LINUX, platformName: Android, platformVersion: 9, statBarHeight: 63, takesScreenshot: true, viewportRect: {height: 1731, left: 0, top: 63, width: 1080}, warnings: {}, webStorageEnabled: false}
Session ID: ce9f668b-205f-41da-b3ab-ab848491463b
at java.base/jdk.internal.reflect.NativeConstructorAccessorImpl.newInstance0(Native Method)
at java.base/jdk.internal.reflect.NativeConstructorAccessorImpl.newInstance(NativeConstructorAccessorImpl.java:62)
at java.base/jdk.internal.reflect.DelegatingConstructorAccessorImpl.newInstance(DelegatingConstructorAccessorImpl.java:45)
at java.base/java.lang.reflect.Constructor.newInstanceWithCaller(Constructor.java:500)
at java.base/java.lang.reflect.Constructor.newInstance(Constructor.java:481)
at org.openqa.selenium.remote.http.W3CHttpResponseCodec.createException(W3CHttpResponseCodec.java:187)
at org.openqa.selenium.remote.http.W3CHttpResponseCodec.decode(W3CHttpResponseCodec.java:122)
at org.openqa.selenium.remote.http.W3CHttpResponseCodec.decode(W3CHttpResponseCodec.java:49)
at org.openqa.selenium.remote.HttpCommandExecutor.execute(HttpCommandExecutor.java:158)
at io.appium.java_client.remote.AppiumCommandExecutor.execute(AppiumCommandExecutor.java:239)
at org.openqa.selenium.remote.RemoteWebDriver.execute(RemoteWebDriver.java:552)
at io.appium.java_client.DefaultGenericMobileDriver.execute(DefaultGenericMobileDriver.java:41)
at io.appium.java_client.AppiumDriver.execute(AppiumDriver.java:1)
at io.appium.java_client.android.AndroidDriver.execute(AndroidDriver.java:1)
at org.openqa.selenium.remote.RemoteWebElement.execute(RemoteWebElement.java:285)
at io.appium.java_client.DefaultGenericMobileElement.execute(DefaultGenericMobileElement.java:45)
at io.appium.java_client.MobileElement.execute(MobileElement.java:1)
at io.appium.java_client.android.AndroidElement.execute(AndroidElement.java:1)
at org.openqa.selenium.remote.RemoteWebElement.sendKeys(RemoteWebElement.java:106)
at AppiumFramework.AppiumFramework.ApiDemoTest.apiDemoTest(ApiDemoTest.java:40)
at java.base/jdk.internal.reflect.NativeMethodAccessorImpl.invoke0(Native Method)
at java.base/jdk.internal.reflect.NativeMethodAccessorImpl.invoke(NativeMethodAccessorImpl.java:62)
at java.base/jdk.internal.reflect.DelegatingMethodAccessorImpl.invoke(DelegatingMethodAccessorImpl.java:43)
at java.base/java.lang.reflect.Method.invoke(Method.java:564)
at org.testng.internal.MethodInvocationHelper.invokeMethod(MethodInvocationHelper.java:134)
at org.testng.internal.TestInvoker.invokeMethod(TestInvoker.java:597)
at org.testng.internal.TestInvoker.invokeTestMethod(TestInvoker.java:173)
at org.testng.internal.MethodRunner.runInSequence(MethodRunner.java:46)
at org.testng.internal.TestInvoker$MethodInvocationAgent.invoke(TestInvoker.java:816)
at org.testng.internal.TestInvoker.invokeTestMethods(TestInvoker.java:146)
at org.testng.internal.TestMethodWorker.invokeTestMethods(TestMethodWorker.java:146)
at org.testng.internal.TestMethodWorker.run(TestMethodWorker.java:128)
at java.base/java.util.ArrayList.forEach(ArrayList.java:1510)
at org.testng.TestRunner.privateRun(TestRunner.java:766)
at org.testng.TestRunner.run(TestRunner.java:587)
at org.testng.SuiteRunner.runTest(SuiteRunner.java:384)
at org.testng.SuiteRunner.runSequentially(SuiteRunner.java:378)
at org.testng.SuiteRunner.privateRun(SuiteRunner.java:337)
at org.testng.SuiteRunner.run(SuiteRunner.java:286)
at org.testng.SuiteRunnerWorker.runSuite(SuiteRunnerWorker.java:53)
at org.testng.SuiteRunnerWorker.run(SuiteRunnerWorker.java:96)
at org.testng.TestNG.runSuitesSequentially(TestNG.java:1187)
at org.testng.TestNG.runSuitesLocally(TestNG.java:1109)
at org.testng.TestNG.runSuites(TestNG.java:1039)
at org.testng.TestNG.run(TestNG.java:1007)
at org.testng.remote.AbstractRemoteTestNG.run(AbstractRemoteTestNG.java:115)
at org.testng.remote.RemoteTestNG.initAndRun(RemoteTestNG.java:251)
at org.testng.remote.RemoteTestNG.main(RemoteTestNG.java:77)
]]>
            </full-stacktrace>
          </exception> <!-- org.openqa.selenium.StaleElementReferenceException -->
          <reporter-output>
          </reporter-output>
        </test-method> <!-- apiDemoTest -->
      </class> <!-- AppiumFramework.AppiumFramework.ApiDemoTest -->
    </test> <!-- Test -->
  </suite> <!-- Suite -->
</testng-results>
